<?xml version="1.0" encoding="UTF-8"?>
<testng-results ignored="0" total="1" passed="1" failed="0" skipped="0">
  <reporter-output>
  </reporter-output>
  <suite started-at="2025-07-28T13:50:40 IST" name="Default suite" finished-at="2025-07-28T13:50:50 IST" duration-ms="9653">
    <groups>
    </groups>
    <test started-at="2025-07-28T13:50:40 IST" name="Default test" finished-at="2025-07-28T13:50:50 IST" duration-ms="9653">
      <class name="com.runner.NaukriRunner">
        <test-method signature="LaunchBrowserMethod()[pri:0, instance:com.runner.NaukriRunner@5aa9e4eb]" started-at="2025-07-28T13:50:40 IST" name="LaunchBrowserMethod" finished-at="2025-07-28T13:50:50 IST" duration-ms="9595" status="PASS">
          <reporter-output>
          </reporter-output>
        </test-method> <!-- LaunchBrowserMethod -->
      </class> <!-- com.runner.NaukriRunner -->
    </test> <!-- Default test -->
  </suite> <!-- Default suite -->
</testng-results>
